<?xml version="1.0" encoding="UTF-8"?>
<testsuite name="auction.project.AuctionTest" tests="4" skipped="0" failures="0" errors="0" timestamp="2021-01-06T13:33:52" hostname="localhost.localdomain" time="0.003">
  <properties/>
  <testcase name="FizzBuzzThreeNumbers" classname="auction.project.AuctionTest" time="0.002"/>
  <testcase name="FizzBuzzFiveNumbers" classname="auction.project.AuctionTest" time="0.0"/>
  <testcase name="FizzBuzzNormalNumbers" classname="auction.project.AuctionTest" time="0.0"/>
  <testcase name="FizzBuzzThreeAndFiveNumbers" classname="auction.project.AuctionTest" time="0.0"/>
  <system-out><![CDATA[]]></system-out>
  <system-err><![CDATA[]]></system-err>
</testsuite>
